<?xml version="1.0" encoding="UTF-8"?>
<!-- Generated by org.testng.reporters.JUnitReportReporter -->
<testsuite hostname="RACD-002157" name="com.investaSolutions.tests.VerifyPortfolioModelApprovalTest" tests="1" failures="0" timestamp="12 Jul 2019 12:14:05 GMT" time="3.168" errors="0">
  <testcase name="testPortfolioModelApprovalTest" time="3.168" classname="com.investaSolutions.tests.VerifyPortfolioModelApprovalTest"/>
</testsuite> <!-- com.investaSolutions.tests.VerifyPortfolioModelApprovalTest -->
