<?xml version="1.0" encoding="UTF-8"?>
<!-- Generated by org.testng.reporters.JUnitReportReporter -->
<testsuite hostname="MPL-11S7LQ2" name="com.investaSolutions.tests.AssetManagerTest" tests="1" failures="0" timestamp="11 Jun 2019 11:21:32 GMT" time="6.746" errors="0">
  <testcase name="createNewUserTest" time="6.746" classname="com.investaSolutions.tests.AssetManagerTest"/>
</testsuite> <!-- com.investaSolutions.tests.AssetManagerTest -->
