<?xml version="1.0" encoding="UTF-8"?>
<!-- Generated by org.testng.reporters.JUnitReportReporter -->
<testsuite hostname="RACD-002157" name="com.investaSolutions.tests.VerifyPortfolioModelManagementPageDetailsTest" tests="1" failures="0" timestamp="11 Jul 2019 05:45:23 GMT" time="47.573" errors="0">
  <testcase name="testPortfolioModelManagementTest" time="47.573" classname="com.investaSolutions.tests.VerifyPortfolioModelManagementPageDetailsTest"/>
</testsuite> <!-- com.investaSolutions.tests.VerifyPortfolioModelManagementPageDetailsTest -->
