<?xml version="1.0" encoding="UTF-8"?>
<!-- Generated by org.testng.reporters.JUnitReportReporter -->
<testsuite hostname="RACD-002157" name="com.investaSolutions.tests.VerifyPortfolioModelManagementTest" tests="1" failures="0" timestamp="12 Jul 2019 12:14:05 GMT" time="1.314" errors="0">
  <testcase name="testPortfolioModelManagementTest" time="1.314" classname="com.investaSolutions.tests.VerifyPortfolioModelManagementTest"/>
</testsuite> <!-- com.investaSolutions.tests.VerifyPortfolioModelManagementTest -->
